<?xml version="1.0" encoding="UTF-8"?>
<!-- Generated by org.testng.reporters.JUnitReportReporter -->
<testsuite hostname="DESKTOP-HVHQJ7V" failures="0" tests="1" name="driverFactory.DriverScriptPOM" time="76.455" errors="0" timestamp="2022-12-29T15:31:07 IST" skipped="0">
  <testcase classname="driverFactory.DriverScriptPOM" name="startTest" time="76.455"/>
  <system-out>
    <![CDATA[No of   rows are::11
Add emp success::7530  7530
Add emp success::7531  7531
Add emp success::7532  7532
Add emp success::7533  7533
Add emp success::7534  7534
Add emp success::7535  7535
Add emp success::7536  7536
Add emp success::7537  7537
Add emp success::7538  7538
Add emp success::7539  7539
Add emp success::7540  7540]]>
  </system-out>
</testsuite> <!-- driverFactory.DriverScriptPOM -->
