<?xml version="1.0" encoding="UTF-8"?>
<!-- Generated by org.testng.reporters.JUnitReportReporter -->
<testsuite hostname="DESKTOP-HVHQJ7V" failures="0" tests="1" name="driverFactory.DriverScript" time="32.003" errors="0" timestamp="2022-12-25T12:56:51 IST" skipped="0">
  <testcase classname="driverFactory.DriverScript" name="starttest" time="32.003"/>
  <system-out>
    <![CDATA[no of rows in a sheet::10
login success::dashboard  http://www.orangehrm.qedgetech.com/symfony/web/index.php/dashboard
Invalid credentials  dashboard  http://www.orangehrm.qedgetech.com/symfony/web/index.php/auth/validateCredentials
Invalid credentials  dashboard  http://www.orangehrm.qedgetech.com/symfony/web/index.php/auth/validateCredentials
Username cannot be empty  dashboard  http://www.orangehrm.qedgetech.com/symfony/web/index.php/auth/login
login success::dashboard  http://www.orangehrm.qedgetech.com/symfony/web/index.php/dashboard
Password cannot be empty  dashboard  http://www.orangehrm.qedgetech.com/symfony/web/index.php/auth/login
login success::dashboard  http://www.orangehrm.qedgetech.com/symfony/web/index.php/dashboard
Username cannot be empty  dashboard  http://www.orangehrm.qedgetech.com/symfony/web/index.php/auth/login
Invalid credentials  dashboard  http://www.orangehrm.qedgetech.com/symfony/web/index.php/auth/validateCredentials
login success::dashboard  http://www.orangehrm.qedgetech.com/symfony/web/index.php/dashboard]]>
  </system-out>
</testsuite> <!-- driverFactory.DriverScript -->
